C:\USERS\THEAJFM\DSAFINALPROJECT\X64\RELEASE\WORK.OBJ
C:\USERS\THEAJFM\DSAFINALPROJECT\X64\RELEASE\TEMPLATING.OBJ
C:\USERS\THEAJFM\DSAFINALPROJECT\X64\RELEASE\SKILLS.OBJ
C:\USERS\THEAJFM\DSAFINALPROJECT\X64\RELEASE\MOC_WORK.OBJ
C:\USERS\THEAJFM\DSAFINALPROJECT\X64\RELEASE\MOC_TEMPLATING.OBJ
C:\USERS\THEAJFM\DSAFINALPROJECT\X64\RELEASE\MOC_SKILLS.OBJ
C:\USERS\THEAJFM\DSAFINALPROJECT\X64\RELEASE\MOC_MAINWINDOW.OBJ
C:\USERS\THEAJFM\DSAFINALPROJECT\X64\RELEASE\MOC_IMAGE.OBJ
C:\USERS\THEAJFM\DSAFINALPROJECT\X64\RELEASE\MOC_EDUCATION.OBJ
C:\USERS\THEAJFM\DSAFINALPROJECT\X64\RELEASE\MOC_BASICINFO.OBJ
C:\USERS\THEAJFM\DSAFINALPROJECT\X64\RELEASE\MAINWINDOW.OBJ
C:\USERS\THEAJFM\DSAFINALPROJECT\X64\RELEASE\MAIN.OBJ
C:\USERS\THEAJFM\DSAFINALPROJECT\X64\RELEASE\IMAGE.OBJ
C:\USERS\THEAJFM\DSAFINALPROJECT\X64\RELEASE\EDUCATION.OBJ
C:\USERS\THEAJFM\DSAFINALPROJECT\X64\RELEASE\BASICINFO.OBJ
C:\USERS\THEAJFM\DSAFINALPROJECT\X64\RELEASE\VC110.PDB
C:\USERS\THEAJFM\DSAFINALPROJECT\X64\RELEASE\QRC_PROJECTRESOURCE.OBJ
C:\USERS\THEAJFM\DSAFINALPROJECT\RELEASE\MOC_BASICINFO.CPP
C:\USERS\THEAJFM\DSAFINALPROJECT\RELEASE\MOC_EDUCATION.CPP
C:\USERS\THEAJFM\DSAFINALPROJECT\RELEASE\MOC_IMAGE.CPP
C:\USERS\THEAJFM\DSAFINALPROJECT\RELEASE\MOC_MAINWINDOW.CPP
C:\USERS\THEAJFM\DSAFINALPROJECT\RELEASE\MOC_SKILLS.CPP
C:\USERS\THEAJFM\DSAFINALPROJECT\RELEASE\MOC_TEMPLATING.CPP
C:\USERS\THEAJFM\DSAFINALPROJECT\RELEASE\MOC_WORK.CPP
C:\USERS\THEAJFM\DSAFINALPROJECT\GENERATEDFILES\UI_BASICINFO.H
C:\USERS\THEAJFM\DSAFINALPROJECT\GENERATEDFILES\UI_EDUCATION.H
C:\USERS\THEAJFM\DSAFINALPROJECT\GENERATEDFILES\UI_IMAGE.H
C:\USERS\THEAJFM\DSAFINALPROJECT\GENERATEDFILES\UI_MAINWINDOW.H
C:\USERS\THEAJFM\DSAFINALPROJECT\GENERATEDFILES\UI_SKILLS.H
C:\USERS\THEAJFM\DSAFINALPROJECT\GENERATEDFILES\UI_TEMPLATING.H
C:\USERS\THEAJFM\DSAFINALPROJECT\GENERATEDFILES\UI_WORK.H
C:\USERS\THEAJFM\DSAFINALPROJECT\GENERATEDFILES\QRC_PROJECTRESOURCE.CPP
C:\USERS\THEAJFM\DSAFINALPROJECT\X64\RELEASE\DSAFINALPROJECT.EXE
C:\Users\theAJFM\DSAFinalProject\x64\Release\basicinfo.obj
C:\Users\theAJFM\DSAFinalProject\x64\Release\education.obj
C:\Users\theAJFM\DSAFinalProject\x64\Release\image.obj
C:\Users\theAJFM\DSAFinalProject\x64\Release\main.obj
C:\Users\theAJFM\DSAFinalProject\x64\Release\mainwindow.obj
C:\Users\theAJFM\DSAFinalProject\x64\Release\moc_basicinfo.obj
C:\Users\theAJFM\DSAFinalProject\x64\Release\moc_education.obj
C:\Users\theAJFM\DSAFinalProject\x64\Release\moc_image.obj
C:\Users\theAJFM\DSAFinalProject\x64\Release\moc_mainwindow.obj
C:\Users\theAJFM\DSAFinalProject\x64\Release\moc_skills.obj
C:\Users\theAJFM\DSAFinalProject\x64\Release\moc_templating.obj
C:\Users\theAJFM\DSAFinalProject\x64\Release\moc_work.obj
C:\Users\theAJFM\DSAFinalProject\x64\Release\qrc_projectresource.obj
C:\Users\theAJFM\DSAFinalProject\x64\Release\skills.obj
C:\Users\theAJFM\DSAFinalProject\x64\Release\templating.obj
C:\Users\theAJFM\DSAFinalProject\x64\Release\work.obj
C:\Users\theAJFM\DSAFinalProject\x64\Release\cl.command.1.tlog
C:\Users\theAJFM\DSAFinalProject\x64\Release\CL.read.1.tlog
C:\Users\theAJFM\DSAFinalProject\x64\Release\CL.write.1.tlog
C:\Users\theAJFM\DSAFinalProject\x64\Release\custombuild.command.1.tlog
C:\Users\theAJFM\DSAFinalProject\x64\Release\custombuild.read.1.tlog
C:\Users\theAJFM\DSAFinalProject\x64\Release\custombuild.write.1.tlog
C:\Users\theAJFM\DSAFinalProject\x64\Release\link-cvtres.read.1.tlog
C:\Users\theAJFM\DSAFinalProject\x64\Release\link-cvtres.write.1.tlog
C:\Users\theAJFM\DSAFinalProject\x64\Release\link-rc.read.1.tlog
C:\Users\theAJFM\DSAFinalProject\x64\Release\link-rc.write.1.tlog
C:\Users\theAJFM\DSAFinalProject\x64\Release\link.command.1.tlog
C:\Users\theAJFM\DSAFinalProject\x64\Release\link.read.1.tlog
C:\Users\theAJFM\DSAFinalProject\x64\Release\link.write.1.tlog
C:\Users\theAJFM\DSAFinalProject\x64\Release\vc110.pdb
C:\Users\theAJFM\DSAFinalProject\x64\Release\DSAFinalProject.exe
